This file contains any messages produced by compilers while
running configure, to aid debugging if configure makes a mistake.

It was created by Nexa Core configure 1.0, which was
generated by GNU Autoconf 2.71.  Invocation command line was

  $ ./configure --enable-hardening

## --------- ##
## Platform. ##
## --------- ##

hostname = nexa-node-1
uname -m = x86_64
uname -r = 6.8.0-1021-gcp
uname -s = Linux
uname -v = #23~22.04.1-Ubuntu SMP Thu Jan 16 02:17:57 UTC 2025

/usr/bin/uname -p = x86_64
/bin/uname -X     = unknown

/bin/arch              = x86_64
/usr/bin/arch -k       = unknown
/usr/convex/getsysinfo = unknown
/usr/bin/hostinfo      = unknown
/bin/machine           = unknown
/usr/bin/oslevel       = unknown
/bin/universe          = unknown

PATH: /root/.cargo/bin/
PATH: /usr/local/sbin/
PATH: /usr/local/bin/
PATH: /usr/sbin/
PATH: /usr/bin/
PATH: /sbin/
PATH: /bin/
PATH: /usr/games/
PATH: /usr/local/games/
PATH: /snap/bin/
PATH: /path/to/nexa-core/src/
PATH: /root/nexa-core/src/


## ----------- ##
## Core tests. ##
## ----------- ##

configure:2364: looking for aux files: compile missing install-sh
configure:2377:  trying ./
configure:2406:   ./compile found
configure:2406:   ./missing found
configure:2388:   ./install-sh found
configure:2535: checking for a BSD-compatible install
configure:2608: result: /usr/bin/install -c
configure:2619: checking whether build environment is sane
configure:2674: result: yes
configure:2833: checking for a race-free mkdir -p
configure:2877: result: /usr/bin/mkdir -p
configure:2884: checking for gawk
configure:2905: found /usr/bin/gawk
configure:2916: result: gawk
configure:2927: checking whether make sets $(MAKE)
configure:2950: result: yes
configure:2980: checking whether make supports nested variables
configure:2998: result: yes
configure:3205: checking for g++
configure:3226: found /usr/bin/g++
configure:3237: result: g++
configure:3264: checking for C++ compiler version
configure:3273: g++ --version >&5
g++ (Ubuntu 11.4.0-1ubuntu1~22.04) 11.4.0
Copyright (C) 2021 Free Software Foundation, Inc.
This is free software; see the source for copying conditions.  There is NO
warranty; not even for MERCHANTABILITY or FITNESS FOR A PARTICULAR PURPOSE.

configure:3284: $? = 0
configure:3273: g++ -v >&5
Using built-in specs.
COLLECT_GCC=g++
COLLECT_LTO_WRAPPER=/usr/lib/gcc/x86_64-linux-gnu/11/lto-wrapper
OFFLOAD_TARGET_NAMES=nvptx-none:amdgcn-amdhsa
OFFLOAD_TARGET_DEFAULT=1
Target: x86_64-linux-gnu
Configured with: ../src/configure -v --with-pkgversion='Ubuntu 11.4.0-1ubuntu1~22.04' --with-bugurl=file:///usr/share/doc/gcc-11/README.Bugs --enable-languages=c,ada,c++,go,brig,d,fortran,objc,obj-c++,m2 --prefix=/usr --with-gcc-major-version-only --program-suffix=-11 --program-prefix=x86_64-linux-gnu- --enable-shared --enable-linker-build-id --libexecdir=/usr/lib --without-included-gettext --enable-threads=posix --libdir=/usr/lib --enable-nls --enable-bootstrap --enable-clocale=gnu --enable-libstdcxx-debug --enable-libstdcxx-time=yes --with-default-libstdcxx-abi=new --enable-gnu-unique-object --disable-vtable-verify --enable-plugin --enable-default-pie --with-system-zlib --enable-libphobos-checking=release --with-target-system-zlib=auto --enable-objc-gc=auto --enable-multiarch --disable-werror --enable-cet --with-arch-32=i686 --with-abi=m64 --with-multilib-list=m32,m64,mx32 --enable-multilib --with-tune=generic --enable-offload-targets=nvptx-none=/build/gcc-11-XeT9lY/gcc-11-11.4.0/debian/tmp-nvptx/usr,amdgcn-amdhsa=/build/gcc-11-XeT9lY/gcc-11-11.4.0/debian/tmp-gcn/usr --without-cuda-driver --enable-checking=release --build=x86_64-linux-gnu --host=x86_64-linux-gnu --target=x86_64-linux-gnu --with-build-config=bootstrap-lto-lean --enable-link-serialization=2
Thread model: posix
Supported LTO compression algorithms: zlib zstd
gcc version 11.4.0 (Ubuntu 11.4.0-1ubuntu1~22.04) 
... rest of stderr output deleted ...
configure:3284: $? = 0
configure:3273: g++ -V >&5
g++: error: unrecognized command-line option '-V'
g++: fatal error: no input files
compilation terminated.
configure:3284: $? = 1
configure:3273: g++ -qversion >&5
g++: error: unrecognized command-line option '-qversion'; did you mean '--version'?
g++: fatal error: no input files
compilation terminated.
configure:3284: $? = 1
configure:3304: checking whether the C++ compiler works
configure:3326: g++ -O3 -march=native -mtune=native   conftest.cpp  >&5
configure:3330: $? = 0
configure:3380: result: yes
configure:3383: checking for C++ compiler default output file name
configure:3385: result: a.out
configure:3391: checking for suffix of executables
configure:3398: g++ -o conftest -O3 -march=native -mtune=native   conftest.cpp  >&5
configure:3402: $? = 0
configure:3425: result: 
configure:3447: checking whether we are cross compiling
configure:3455: g++ -o conftest -O3 -march=native -mtune=native   conftest.cpp  >&5
configure:3459: $? = 0
configure:3466: ./conftest
configure:3470: $? = 0
configure:3485: result: no
configure:3490: checking for suffix of object files
configure:3513: g++ -c -O3 -march=native -mtune=native  conftest.cpp >&5
configure:3517: $? = 0
configure:3539: result: o
configure:3543: checking whether the compiler supports GNU C++
configure:3563: g++ -c -O3 -march=native -mtune=native  conftest.cpp >&5
configure:3563: $? = 0
configure:3573: result: yes
configure:3584: checking whether g++ accepts -g
configure:3605: g++ -c -g  conftest.cpp >&5
configure:3605: $? = 0
configure:3649: result: yes
configure:3669: checking for g++ option to enable C++11 features
configure:3684: g++  -c -O3 -march=native -mtune=native  conftest.cpp >&5
conftest.cpp: In function 'int main(int, char**)':
conftest.cpp:177:25: warning: empty parentheses were disambiguated as a function declaration [-Wvexing-parse]
  177 |   cxx11test::delegate d2();
      |                         ^~
conftest.cpp:177:25: note: remove parentheses to default-initialize a variable
  177 |   cxx11test::delegate d2();
      |                         ^~
      |                         --
conftest.cpp:177:25: note: or replace parentheses with braces to value-initialize a variable
configure:3684: $? = 0
configure:3702: result: none needed
configure:3769: checking whether make supports the include directive
configure:3784: make -f confmf.GNU && cat confinc.out
this is the am__doit target
configure:3787: $? = 0
configure:3806: result: yes (GNU style)
configure:3832: checking dependency style of g++
configure:3944: result: gcc3
configure:4021: checking for gcc
configure:4042: found /usr/bin/gcc
configure:4053: result: gcc
configure:4406: checking for C compiler version
configure:4415: gcc --version >&5
gcc (Ubuntu 11.4.0-1ubuntu1~22.04) 11.4.0
Copyright (C) 2021 Free Software Foundation, Inc.
This is free software; see the source for copying conditions.  There is NO
warranty; not even for MERCHANTABILITY or FITNESS FOR A PARTICULAR PURPOSE.

configure:4426: $? = 0
configure:4415: gcc -v >&5
Using built-in specs.
COLLECT_GCC=gcc
COLLECT_LTO_WRAPPER=/usr/lib/gcc/x86_64-linux-gnu/11/lto-wrapper
OFFLOAD_TARGET_NAMES=nvptx-none:amdgcn-amdhsa
OFFLOAD_TARGET_DEFAULT=1
Target: x86_64-linux-gnu
Configured with: ../src/configure -v --with-pkgversion='Ubuntu 11.4.0-1ubuntu1~22.04' --with-bugurl=file:///usr/share/doc/gcc-11/README.Bugs --enable-languages=c,ada,c++,go,brig,d,fortran,objc,obj-c++,m2 --prefix=/usr --with-gcc-major-version-only --program-suffix=-11 --program-prefix=x86_64-linux-gnu- --enable-shared --enable-linker-build-id --libexecdir=/usr/lib --without-included-gettext --enable-threads=posix --libdir=/usr/lib --enable-nls --enable-bootstrap --enable-clocale=gnu --enable-libstdcxx-debug --enable-libstdcxx-time=yes --with-default-libstdcxx-abi=new --enable-gnu-unique-object --disable-vtable-verify --enable-plugin --enable-default-pie --with-system-zlib --enable-libphobos-checking=release --with-target-system-zlib=auto --enable-objc-gc=auto --enable-multiarch --disable-werror --enable-cet --with-arch-32=i686 --with-abi=m64 --with-multilib-list=m32,m64,mx32 --enable-multilib --with-tune=generic --enable-offload-targets=nvptx-none=/build/gcc-11-XeT9lY/gcc-11-11.4.0/debian/tmp-nvptx/usr,amdgcn-amdhsa=/build/gcc-11-XeT9lY/gcc-11-11.4.0/debian/tmp-gcn/usr --without-cuda-driver --enable-checking=release --build=x86_64-linux-gnu --host=x86_64-linux-gnu --target=x86_64-linux-gnu --with-build-config=bootstrap-lto-lean --enable-link-serialization=2
Thread model: posix
Supported LTO compression algorithms: zlib zstd
gcc version 11.4.0 (Ubuntu 11.4.0-1ubuntu1~22.04) 
... rest of stderr output deleted ...
configure:4426: $? = 0
configure:4415: gcc -V >&5
gcc: error: unrecognized command-line option '-V'
gcc: fatal error: no input files
compilation terminated.
configure:4426: $? = 1
configure:4415: gcc -qversion >&5
gcc: error: unrecognized command-line option '-qversion'; did you mean '--version'?
gcc: fatal error: no input files
compilation terminated.
configure:4426: $? = 1
configure:4415: gcc -version >&5
gcc: error: unrecognized command-line option '-version'
gcc: fatal error: no input files
compilation terminated.
configure:4426: $? = 1
configure:4430: checking whether the compiler supports GNU C
configure:4450: gcc -c   conftest.c >&5
configure:4450: $? = 0
configure:4460: result: yes
configure:4471: checking whether gcc accepts -g
configure:4492: gcc -c -g  conftest.c >&5
configure:4492: $? = 0
configure:4536: result: yes
configure:4556: checking for gcc option to enable C11 features
configure:4571: gcc  -c -g -O2  conftest.c >&5
configure:4571: $? = 0
configure:4589: result: none needed
configure:4705: checking whether gcc understands -c and -o together
configure:4728: gcc -c conftest.c -o conftest2.o
configure:4731: $? = 0
configure:4728: gcc -c conftest.c -o conftest2.o
configure:4731: $? = 0
configure:4743: result: yes
configure:4762: checking dependency style of gcc
configure:4874: result: gcc3
configure:4996: checking that generated files are newer than configure
configure:5002: result: done
configure:5029: creating ./config.status

## ---------------------- ##
## Running config.status. ##
## ---------------------- ##

This file was extended by Nexa Core config.status 1.0, which was
generated by GNU Autoconf 2.71.  Invocation command line was

  CONFIG_FILES    = 
  CONFIG_HEADERS  = 
  CONFIG_LINKS    = 
  CONFIG_COMMANDS = 
  $ ./config.status 

on nexa-node-1

config.status:843: creating Makefile
config.status:843: creating src/Makefile
config.status:843: creating config.h
config.status:1024: config.h is unchanged
config.status:1072: executing depfiles commands
config.status:1149: cd .       && sed -e '/# am--include-marker/d' Makefile         | make -f - am--depfiles
make: Nothing to be done for 'am--depfiles'.
config.status:1154: $? = 0
config.status:1149: cd src       && sed -e '/# am--include-marker/d' Makefile         | make -f - am--depfiles
make: Nothing to be done for 'am--depfiles'.
config.status:1154: $? = 0
configure:6340: WARNING: unrecognized options: --enable-hardening

## ---------------- ##
## Cache variables. ##
## ---------------- ##

ac_cv_c_compiler_gnu=yes
ac_cv_cxx_compiler_gnu=yes
ac_cv_env_CCC_set=
ac_cv_env_CCC_value=
ac_cv_env_CC_set=
ac_cv_env_CC_value=
ac_cv_env_CFLAGS_set=
ac_cv_env_CFLAGS_value=
ac_cv_env_CPPFLAGS_set=
ac_cv_env_CPPFLAGS_value=
ac_cv_env_CXXFLAGS_set=set
ac_cv_env_CXXFLAGS_value='-O3 -march=native -mtune=native'
ac_cv_env_CXX_set=
ac_cv_env_CXX_value=
ac_cv_env_LDFLAGS_set=
ac_cv_env_LDFLAGS_value=
ac_cv_env_LIBS_set=
ac_cv_env_LIBS_value=
ac_cv_env_build_alias_set=
ac_cv_env_build_alias_value=
ac_cv_env_host_alias_set=
ac_cv_env_host_alias_value=
ac_cv_env_target_alias_set=
ac_cv_env_target_alias_value=
ac_cv_objext=o
ac_cv_path_install='/usr/bin/install -c'
ac_cv_path_mkdir=/usr/bin/mkdir
ac_cv_prog_AWK=gawk
ac_cv_prog_ac_ct_CC=gcc
ac_cv_prog_ac_ct_CXX=g++
ac_cv_prog_cc_c11=
ac_cv_prog_cc_g=yes
ac_cv_prog_cc_stdc=
ac_cv_prog_cxx_11=no
ac_cv_prog_cxx_cxx11=
ac_cv_prog_cxx_g=yes
ac_cv_prog_cxx_stdcxx=
ac_cv_prog_make_make_set=yes
am_cv_CC_dependencies_compiler_type=gcc3
am_cv_CXX_dependencies_compiler_type=gcc3
am_cv_make_support_nested_variables=yes
am_cv_prog_cc_c_o=yes

## ----------------- ##
## Output variables. ##
## ----------------- ##

ACLOCAL='${SHELL} '\''/root/nexa-core/missing'\'' aclocal-1.16'
AMDEPBACKSLASH='\'
AMDEP_FALSE='#'
AMDEP_TRUE=''
AMTAR='$${TAR-tar}'
AM_BACKSLASH='\'
AM_DEFAULT_V='$(AM_DEFAULT_VERBOSITY)'
AM_DEFAULT_VERBOSITY='1'
AM_V='$(V)'
AUTOCONF='${SHELL} '\''/root/nexa-core/missing'\'' autoconf'
AUTOHEADER='${SHELL} '\''/root/nexa-core/missing'\'' autoheader'
AUTOMAKE='${SHELL} '\''/root/nexa-core/missing'\'' automake-1.16'
AWK='gawk'
CC='gcc'
CCDEPMODE='depmode=gcc3'
CFLAGS='-g -O2'
CPPFLAGS=''
CSCOPE='cscope'
CTAGS='ctags'
CXX='g++'
CXXDEPMODE='depmode=gcc3'
CXXFLAGS='-O3 -march=native -mtune=native'
CYGPATH_W='echo'
DEFS='-DHAVE_CONFIG_H'
DEPDIR='.deps'
ECHO_C=''
ECHO_N='-n'
ECHO_T=''
ETAGS='etags'
EXEEXT=''
INSTALL_DATA='${INSTALL} -m 644'
INSTALL_PROGRAM='${INSTALL}'
INSTALL_SCRIPT='${INSTALL}'
INSTALL_STRIP_PROGRAM='$(install_sh) -c -s'
LDFLAGS=''
LIBOBJS=''
LIBS=''
LTLIBOBJS=''
MAKEINFO='${SHELL} '\''/root/nexa-core/missing'\'' makeinfo'
MKDIR_P='/usr/bin/mkdir -p'
OBJEXT='o'
PACKAGE='nexa-core'
PACKAGE_BUGREPORT='your@email.com'
PACKAGE_NAME='Nexa Core'
PACKAGE_STRING='Nexa Core 1.0'
PACKAGE_TARNAME='nexa-core'
PACKAGE_URL=''
PACKAGE_VERSION='1.0'
PATH_SEPARATOR=':'
SET_MAKE=''
SHELL='/bin/bash'
STRIP=''
VERSION='1.0'
ac_ct_CC='gcc'
ac_ct_CXX='g++'
am__EXEEXT_FALSE=''
am__EXEEXT_TRUE='#'
am__fastdepCC_FALSE='#'
am__fastdepCC_TRUE=''
am__fastdepCXX_FALSE='#'
am__fastdepCXX_TRUE=''
am__include='include'
am__isrc=''
am__leading_dot='.'
am__nodep='_no'
am__quote=''
am__tar='$${TAR-tar} chof - "$$tardir"'
am__untar='$${TAR-tar} xf -'
bindir='${exec_prefix}/bin'
build_alias=''
datadir='${datarootdir}'
datarootdir='${prefix}/share'
docdir='${datarootdir}/doc/${PACKAGE_TARNAME}'
dvidir='${docdir}'
exec_prefix='${prefix}'
host_alias=''
htmldir='${docdir}'
includedir='${prefix}/include'
infodir='${datarootdir}/info'
install_sh='${SHELL} /root/nexa-core/install-sh'
libdir='${exec_prefix}/lib'
libexecdir='${exec_prefix}/libexec'
localedir='${datarootdir}/locale'
localstatedir='${prefix}/var'
mandir='${datarootdir}/man'
mkdir_p='$(MKDIR_P)'
oldincludedir='/usr/include'
pdfdir='${docdir}'
prefix='/usr/local'
program_transform_name='s,x,x,'
psdir='${docdir}'
runstatedir='${localstatedir}/run'
sbindir='${exec_prefix}/sbin'
sharedstatedir='${prefix}/com'
sysconfdir='${prefix}/etc'
target_alias=''

## ----------- ##
## confdefs.h. ##
## ----------- ##

/* confdefs.h */
#define PACKAGE_NAME "Nexa Core"
#define PACKAGE_TARNAME "nexa-core"
#define PACKAGE_VERSION "1.0"
#define PACKAGE_STRING "Nexa Core 1.0"
#define PACKAGE_BUGREPORT "your@email.com"
#define PACKAGE_URL ""
#define PACKAGE "nexa-core"
#define VERSION "1.0"

configure: exit 0
